<?xml version="1.0" encoding="UTF-8"?>
<!-- Generated by org.testng.reporters.JUnitReportReporter -->
<testsuite hostname="KG-GSSL1160" failures="0" tests="1" name="fire.runnerFile" time="9.979" errors="1" timestamp="2025-03-18T17:55:31 IST" skipped="0">
  <testcase classname="fire.runnerFile" name="runScenario" time="9.979">
    <error message="org/apache/commons/io/output/UnsynchronizedByteArrayOutputStream" type="java.lang.NoClassDefFoundError">
      <![CDATA[java.lang.NoClassDefFoundError: org/apache/commons/io/output/UnsynchronizedByteArrayOutputStream
at pages.PrivacyPage.privacyWindow(PrivacyPage.java:34)
at fire.StepDefinition.the_user_is_on_the_login_page(StepDefinition.java:52)
at ✽.the user is on the login page "10002002" "Kgisl@123456"(file:///D:/Program/Fire/src/test/resources/features.feature:5)
Caused by: java.lang.ClassNotFoundException: org.apache.commons.io.output.UnsynchronizedByteArrayOutputStream
at java.base/jdk.internal.loader.BuiltinClassLoader.loadClass(BuiltinClassLoader.java:641)
at java.base/jdk.internal.loader.ClassLoaders$AppClassLoader.loadClass(ClassLoaders.java:188)
at java.base/java.lang.ClassLoader.loadClass(ClassLoader.java:520)
... 3 more
]]>
    </error>
  </testcase> <!-- runScenario -->
</testsuite> <!-- fire.runnerFile -->
